[2024-09-15 20:04:15,196] {taskinstance.py:1159} INFO - Dependencies all met for <TaskInstance: BRONZER_GET_STONCKS.BRONZE_AAPL scheduled__2024-01-18T00:00:00+00:00 [queued]>
[2024-09-15 20:04:15,199] {taskinstance.py:1159} INFO - Dependencies all met for <TaskInstance: BRONZER_GET_STONCKS.BRONZE_AAPL scheduled__2024-01-18T00:00:00+00:00 [queued]>
[2024-09-15 20:04:15,199] {taskinstance.py:1356} INFO - 
--------------------------------------------------------------------------------
[2024-09-15 20:04:15,199] {taskinstance.py:1357} INFO - Starting attempt 1 of 1
[2024-09-15 20:04:15,200] {taskinstance.py:1358} INFO - 
--------------------------------------------------------------------------------
[2024-09-15 20:04:15,211] {taskinstance.py:1377} INFO - Executing <Task(_PythonDecoratedOperator): BRONZE_AAPL> on 2024-01-18 00:00:00+00:00
[2024-09-15 20:04:15,213] {standard_task_runner.py:52} INFO - Started process 11558 to run task
[2024-09-15 20:04:15,215] {standard_task_runner.py:79} INFO - Running: ['airflow', 'tasks', 'run', 'BRONZER_GET_STONCKS', 'BRONZE_AAPL', 'scheduled__2024-01-18T00:00:00+00:00', '--job-id', '57', '--raw', '--subdir', 'DAGS_FOLDER/get_stocks.py', '--cfg-path', '/tmp/tmp7mjqivzq', '--error-file', '/tmp/tmpkpt2knbg']
[2024-09-15 20:04:15,215] {standard_task_runner.py:80} INFO - Job 57: Subtask BRONZE_AAPL
[2024-09-15 20:04:15,243] {task_command.py:370} INFO - Running <TaskInstance: BRONZER_GET_STONCKS.BRONZE_AAPL scheduled__2024-01-18T00:00:00+00:00 [running]> on host kaiwang.
[2024-09-15 20:04:15,285] {taskinstance.py:1569} INFO - Exporting the following env vars:
AIRFLOW_CTX_DAG_OWNER=airflow
AIRFLOW_CTX_DAG_ID=BRONZER_GET_STONCKS
AIRFLOW_CTX_TASK_ID=BRONZE_AAPL
AIRFLOW_CTX_EXECUTION_DATE=2024-01-18T00:00:00+00:00
AIRFLOW_CTX_TRY_NUMBER=1
AIRFLOW_CTX_DAG_RUN_ID=scheduled__2024-01-18T00:00:00+00:00
[2024-09-15 20:04:15,286] {taskinstance.py:1889} ERROR - Task failed with exception
Traceback (most recent call last):
  File "/usr/lib/python3.10/pathlib.py", line 1175, in mkdir
    self._accessor.mkdir(self, mode)
FileNotFoundError: [Errno 2] No such file or directory: '/datalake/AAPL'

During handling of the above exception, another exception occurred:

Traceback (most recent call last):
  File "/home/kaiwang/Documents/airflow_celeby/venv/lib/python3.10/site-packages/airflow/decorators/base.py", line 179, in execute
    return_value = super().execute(context)
  File "/home/kaiwang/Documents/airflow_celeby/venv/lib/python3.10/site-packages/airflow/operators/python.py", line 171, in execute
    return_value = self.execute_callable()
  File "/home/kaiwang/Documents/airflow_celeby/venv/lib/python3.10/site-packages/airflow/operators/python.py", line 189, in execute_callable
    return self.python_callable(*self.op_args, **self.op_kwargs)
  File "/home/kaiwang/Documents/airflow_celeby/dags/get_stocks.py", line 21, in get_history
    (Path(file_path).parent).mkdir(parents=True, exist_ok=True)
  File "/usr/lib/python3.10/pathlib.py", line 1179, in mkdir
    self.parent.mkdir(parents=True, exist_ok=True)
  File "/usr/lib/python3.10/pathlib.py", line 1175, in mkdir
    self._accessor.mkdir(self, mode)
PermissionError: [Errno 13] Permission denied: '/datalake'
[2024-09-15 20:04:15,288] {taskinstance.py:1395} INFO - Marking task as FAILED. dag_id=BRONZER_GET_STONCKS, task_id=BRONZE_AAPL, execution_date=20240118T000000, start_date=20240915T230415, end_date=20240915T230415
[2024-09-15 20:04:15,297] {standard_task_runner.py:92} ERROR - Failed to execute job 57 for task BRONZE_AAPL ([Errno 13] Permission denied: '/datalake'; 11558)
[2024-09-15 20:04:15,308] {local_task_job.py:156} INFO - Task exited with return code 1
[2024-09-15 20:04:15,317] {local_task_job.py:273} INFO - 0 downstream tasks scheduled from follow-on schedule check
[2024-09-15 20:07:39,765] {taskinstance.py:1159} INFO - Dependencies all met for <TaskInstance: BRONZER_GET_STONCKS.BRONZE_AAPL scheduled__2024-01-18T00:00:00+00:00 [queued]>
[2024-09-15 20:07:39,770] {taskinstance.py:1159} INFO - Dependencies all met for <TaskInstance: BRONZER_GET_STONCKS.BRONZE_AAPL scheduled__2024-01-18T00:00:00+00:00 [queued]>
[2024-09-15 20:07:39,770] {taskinstance.py:1356} INFO - 
--------------------------------------------------------------------------------
[2024-09-15 20:07:39,770] {taskinstance.py:1357} INFO - Starting attempt 1 of 1
[2024-09-15 20:07:39,770] {taskinstance.py:1358} INFO - 
--------------------------------------------------------------------------------
[2024-09-15 20:07:39,780] {taskinstance.py:1377} INFO - Executing <Task(_PythonDecoratedOperator): BRONZE_AAPL> on 2024-01-18 00:00:00+00:00
[2024-09-15 20:07:39,783] {standard_task_runner.py:52} INFO - Started process 12375 to run task
[2024-09-15 20:07:39,785] {standard_task_runner.py:79} INFO - Running: ['airflow', 'tasks', 'run', 'BRONZER_GET_STONCKS', 'BRONZE_AAPL', 'scheduled__2024-01-18T00:00:00+00:00', '--job-id', '64', '--raw', '--subdir', 'DAGS_FOLDER/get_stocks.py', '--cfg-path', '/tmp/tmpshq8cpct', '--error-file', '/tmp/tmp5i4f7r51']
[2024-09-15 20:07:39,785] {standard_task_runner.py:80} INFO - Job 64: Subtask BRONZE_AAPL
[2024-09-15 20:07:39,815] {task_command.py:370} INFO - Running <TaskInstance: BRONZER_GET_STONCKS.BRONZE_AAPL scheduled__2024-01-18T00:00:00+00:00 [running]> on host kaiwang.
[2024-09-15 20:07:39,855] {taskinstance.py:1569} INFO - Exporting the following env vars:
AIRFLOW_CTX_DAG_OWNER=airflow
AIRFLOW_CTX_DAG_ID=BRONZER_GET_STONCKS
AIRFLOW_CTX_TASK_ID=BRONZE_AAPL
AIRFLOW_CTX_EXECUTION_DATE=2024-01-18T00:00:00+00:00
AIRFLOW_CTX_TRY_NUMBER=1
AIRFLOW_CTX_DAG_RUN_ID=scheduled__2024-01-18T00:00:00+00:00
[2024-09-15 20:07:43,516] {history.py:244} ERROR - $AAPL: possibly delisted; no price data found  (1h 2024-01-15 -> 2024-01-03) (Yahoo error = "Invalid input - start date cannot be after end date. startDate = 1705294800, endDate = 1704258000")
[2024-09-15 20:07:43,521] {python.py:173} INFO - Done. Returned value was: None
[2024-09-15 20:07:43,530] {taskinstance.py:1395} INFO - Marking task as SUCCESS. dag_id=BRONZER_GET_STONCKS, task_id=BRONZE_AAPL, execution_date=20240118T000000, start_date=20240915T230739, end_date=20240915T230743
[2024-09-15 20:07:43,580] {local_task_job.py:156} INFO - Task exited with return code 0
[2024-09-15 20:07:43,597] {local_task_job.py:273} INFO - 0 downstream tasks scheduled from follow-on schedule check
[2024-09-15 20:11:14,790] {taskinstance.py:1159} INFO - Dependencies all met for <TaskInstance: BRONZER_GET_STONCKS.BRONZE_AAPL scheduled__2024-01-18T00:00:00+00:00 [queued]>
[2024-09-15 20:11:14,796] {taskinstance.py:1159} INFO - Dependencies all met for <TaskInstance: BRONZER_GET_STONCKS.BRONZE_AAPL scheduled__2024-01-18T00:00:00+00:00 [queued]>
[2024-09-15 20:11:14,796] {taskinstance.py:1356} INFO - 
--------------------------------------------------------------------------------
[2024-09-15 20:11:14,796] {taskinstance.py:1357} INFO - Starting attempt 1 of 1
[2024-09-15 20:11:14,796] {taskinstance.py:1358} INFO - 
--------------------------------------------------------------------------------
[2024-09-15 20:11:14,806] {taskinstance.py:1377} INFO - Executing <Task(_PythonDecoratedOperator): BRONZE_AAPL> on 2024-01-18 00:00:00+00:00
[2024-09-15 20:11:14,810] {standard_task_runner.py:52} INFO - Started process 12886 to run task
[2024-09-15 20:11:14,812] {standard_task_runner.py:79} INFO - Running: ['airflow', 'tasks', 'run', 'BRONZER_GET_STONCKS', 'BRONZE_AAPL', 'scheduled__2024-01-18T00:00:00+00:00', '--job-id', '108', '--raw', '--subdir', 'DAGS_FOLDER/get_stocks.py', '--cfg-path', '/tmp/tmpxyg35by8', '--error-file', '/tmp/tmpuh94_wtp']
[2024-09-15 20:11:14,813] {standard_task_runner.py:80} INFO - Job 108: Subtask BRONZE_AAPL
[2024-09-15 20:11:14,841] {task_command.py:370} INFO - Running <TaskInstance: BRONZER_GET_STONCKS.BRONZE_AAPL scheduled__2024-01-18T00:00:00+00:00 [running]> on host kaiwang.
[2024-09-15 20:11:14,889] {taskinstance.py:1569} INFO - Exporting the following env vars:
AIRFLOW_CTX_DAG_OWNER=airflow
AIRFLOW_CTX_DAG_ID=BRONZER_GET_STONCKS
AIRFLOW_CTX_TASK_ID=BRONZE_AAPL
AIRFLOW_CTX_EXECUTION_DATE=2024-01-18T00:00:00+00:00
AIRFLOW_CTX_TRY_NUMBER=1
AIRFLOW_CTX_DAG_RUN_ID=scheduled__2024-01-18T00:00:00+00:00
[2024-09-15 20:11:14,890] {taskinstance.py:1889} ERROR - Task failed with exception
Traceback (most recent call last):
  File "/usr/lib/python3.10/pathlib.py", line 1175, in mkdir
    self._accessor.mkdir(self, mode)
FileNotFoundError: [Errno 2] No such file or directory: '/datalake/AAPL'

During handling of the above exception, another exception occurred:

Traceback (most recent call last):
  File "/home/kaiwang/Documents/airflow_celeby/venv/lib/python3.10/site-packages/airflow/decorators/base.py", line 179, in execute
    return_value = super().execute(context)
  File "/home/kaiwang/Documents/airflow_celeby/venv/lib/python3.10/site-packages/airflow/operators/python.py", line 171, in execute
    return_value = self.execute_callable()
  File "/home/kaiwang/Documents/airflow_celeby/venv/lib/python3.10/site-packages/airflow/operators/python.py", line 189, in execute_callable
    return self.python_callable(*self.op_args, **self.op_kwargs)
  File "/home/kaiwang/Documents/airflow_celeby/dags/get_stocks.py", line 21, in get_history
    (Path(file_path).parent).mkdir(parents=True, exist_ok=True)
  File "/usr/lib/python3.10/pathlib.py", line 1179, in mkdir
    self.parent.mkdir(parents=True, exist_ok=True)
  File "/usr/lib/python3.10/pathlib.py", line 1175, in mkdir
    self._accessor.mkdir(self, mode)
PermissionError: [Errno 13] Permission denied: '/datalake'
[2024-09-15 20:11:14,892] {taskinstance.py:1395} INFO - Marking task as FAILED. dag_id=BRONZER_GET_STONCKS, task_id=BRONZE_AAPL, execution_date=20240118T000000, start_date=20240915T231114, end_date=20240915T231114
[2024-09-15 20:11:14,902] {standard_task_runner.py:92} ERROR - Failed to execute job 108 for task BRONZE_AAPL ([Errno 13] Permission denied: '/datalake'; 12886)
[2024-09-15 20:11:14,906] {local_task_job.py:156} INFO - Task exited with return code 1
[2024-09-15 20:11:14,917] {local_task_job.py:273} INFO - 0 downstream tasks scheduled from follow-on schedule check
[2024-09-15 20:13:37,428] {taskinstance.py:1159} INFO - Dependencies all met for <TaskInstance: BRONZER_GET_STONCKS.BRONZE_AAPL scheduled__2024-01-18T00:00:00+00:00 [queued]>
[2024-09-15 20:13:37,433] {taskinstance.py:1159} INFO - Dependencies all met for <TaskInstance: BRONZER_GET_STONCKS.BRONZE_AAPL scheduled__2024-01-18T00:00:00+00:00 [queued]>
[2024-09-15 20:13:37,433] {taskinstance.py:1356} INFO - 
--------------------------------------------------------------------------------
[2024-09-15 20:13:37,433] {taskinstance.py:1357} INFO - Starting attempt 1 of 1
[2024-09-15 20:13:37,433] {taskinstance.py:1358} INFO - 
--------------------------------------------------------------------------------
[2024-09-15 20:13:37,443] {taskinstance.py:1377} INFO - Executing <Task(_PythonDecoratedOperator): BRONZE_AAPL> on 2024-01-18 00:00:00+00:00
[2024-09-15 20:13:37,446] {standard_task_runner.py:52} INFO - Started process 13494 to run task
[2024-09-15 20:13:37,449] {standard_task_runner.py:79} INFO - Running: ['airflow', 'tasks', 'run', 'BRONZER_GET_STONCKS', 'BRONZE_AAPL', 'scheduled__2024-01-18T00:00:00+00:00', '--job-id', '108', '--raw', '--subdir', 'DAGS_FOLDER/get_stocks.py', '--cfg-path', '/tmp/tmp_jyk69bo', '--error-file', '/tmp/tmpw3c8uk3a']
[2024-09-15 20:13:37,449] {standard_task_runner.py:80} INFO - Job 108: Subtask BRONZE_AAPL
[2024-09-15 20:13:37,479] {task_command.py:370} INFO - Running <TaskInstance: BRONZER_GET_STONCKS.BRONZE_AAPL scheduled__2024-01-18T00:00:00+00:00 [running]> on host kaiwang.
[2024-09-15 20:13:37,519] {taskinstance.py:1569} INFO - Exporting the following env vars:
AIRFLOW_CTX_DAG_OWNER=airflow
AIRFLOW_CTX_DAG_ID=BRONZER_GET_STONCKS
AIRFLOW_CTX_TASK_ID=BRONZE_AAPL
AIRFLOW_CTX_EXECUTION_DATE=2024-01-18T00:00:00+00:00
AIRFLOW_CTX_TRY_NUMBER=1
AIRFLOW_CTX_DAG_RUN_ID=scheduled__2024-01-18T00:00:00+00:00
[2024-09-15 20:13:37,519] {taskinstance.py:1889} ERROR - Task failed with exception
Traceback (most recent call last):
  File "/usr/lib/python3.10/pathlib.py", line 1175, in mkdir
    self._accessor.mkdir(self, mode)
FileNotFoundError: [Errno 2] No such file or directory: '/Documents/airflow_celeby/datalake/AAPL'

During handling of the above exception, another exception occurred:

Traceback (most recent call last):
  File "/usr/lib/python3.10/pathlib.py", line 1175, in mkdir
    self._accessor.mkdir(self, mode)
FileNotFoundError: [Errno 2] No such file or directory: '/Documents/airflow_celeby/datalake'

During handling of the above exception, another exception occurred:

Traceback (most recent call last):
  File "/usr/lib/python3.10/pathlib.py", line 1175, in mkdir
    self._accessor.mkdir(self, mode)
FileNotFoundError: [Errno 2] No such file or directory: '/Documents/airflow_celeby'

During handling of the above exception, another exception occurred:

Traceback (most recent call last):
  File "/home/kaiwang/Documents/airflow_celeby/venv/lib/python3.10/site-packages/airflow/decorators/base.py", line 179, in execute
    return_value = super().execute(context)
  File "/home/kaiwang/Documents/airflow_celeby/venv/lib/python3.10/site-packages/airflow/operators/python.py", line 171, in execute
    return_value = self.execute_callable()
  File "/home/kaiwang/Documents/airflow_celeby/venv/lib/python3.10/site-packages/airflow/operators/python.py", line 189, in execute_callable
    return self.python_callable(*self.op_args, **self.op_kwargs)
  File "/home/kaiwang/Documents/airflow_celeby/dags/get_stocks.py", line 21, in get_history
    (Path(file_path).parent).mkdir(parents=True, exist_ok=True)
  File "/usr/lib/python3.10/pathlib.py", line 1179, in mkdir
    self.parent.mkdir(parents=True, exist_ok=True)
  File "/usr/lib/python3.10/pathlib.py", line 1179, in mkdir
    self.parent.mkdir(parents=True, exist_ok=True)
  File "/usr/lib/python3.10/pathlib.py", line 1179, in mkdir
    self.parent.mkdir(parents=True, exist_ok=True)
  File "/usr/lib/python3.10/pathlib.py", line 1175, in mkdir
    self._accessor.mkdir(self, mode)
PermissionError: [Errno 13] Permission denied: '/Documents'
[2024-09-15 20:13:37,522] {taskinstance.py:1395} INFO - Marking task as FAILED. dag_id=BRONZER_GET_STONCKS, task_id=BRONZE_AAPL, execution_date=20240118T000000, start_date=20240915T231337, end_date=20240915T231337
[2024-09-15 20:13:37,530] {standard_task_runner.py:92} ERROR - Failed to execute job 108 for task BRONZE_AAPL ([Errno 13] Permission denied: '/Documents'; 13494)
[2024-09-15 20:13:37,541] {local_task_job.py:156} INFO - Task exited with return code 1
[2024-09-15 20:13:37,568] {local_task_job.py:273} INFO - 0 downstream tasks scheduled from follow-on schedule check
[2024-09-15 20:18:39,569] {taskinstance.py:1159} INFO - Dependencies all met for <TaskInstance: BRONZER_GET_STONCKS.BRONZE_AAPL scheduled__2024-01-18T00:00:00+00:00 [queued]>
[2024-09-15 20:18:39,573] {taskinstance.py:1159} INFO - Dependencies all met for <TaskInstance: BRONZER_GET_STONCKS.BRONZE_AAPL scheduled__2024-01-18T00:00:00+00:00 [queued]>
[2024-09-15 20:18:39,573] {taskinstance.py:1356} INFO - 
--------------------------------------------------------------------------------
[2024-09-15 20:18:39,573] {taskinstance.py:1357} INFO - Starting attempt 1 of 1
[2024-09-15 20:18:39,573] {taskinstance.py:1358} INFO - 
--------------------------------------------------------------------------------
[2024-09-15 20:18:39,584] {taskinstance.py:1377} INFO - Executing <Task(_PythonDecoratedOperator): BRONZE_AAPL> on 2024-01-18 00:00:00+00:00
[2024-09-15 20:18:39,586] {standard_task_runner.py:52} INFO - Started process 14152 to run task
[2024-09-15 20:18:39,589] {standard_task_runner.py:79} INFO - Running: ['airflow', 'tasks', 'run', 'BRONZER_GET_STONCKS', 'BRONZE_AAPL', 'scheduled__2024-01-18T00:00:00+00:00', '--job-id', '108', '--raw', '--subdir', 'DAGS_FOLDER/get_stocks.py', '--cfg-path', '/tmp/tmpvep_ib3k', '--error-file', '/tmp/tmpgs4hmcd3']
[2024-09-15 20:18:39,589] {standard_task_runner.py:80} INFO - Job 108: Subtask BRONZE_AAPL
[2024-09-15 20:18:39,618] {task_command.py:370} INFO - Running <TaskInstance: BRONZER_GET_STONCKS.BRONZE_AAPL scheduled__2024-01-18T00:00:00+00:00 [running]> on host kaiwang.
[2024-09-15 20:18:39,658] {taskinstance.py:1569} INFO - Exporting the following env vars:
AIRFLOW_CTX_DAG_OWNER=airflow
AIRFLOW_CTX_DAG_ID=BRONZER_GET_STONCKS
AIRFLOW_CTX_TASK_ID=BRONZE_AAPL
AIRFLOW_CTX_EXECUTION_DATE=2024-01-18T00:00:00+00:00
AIRFLOW_CTX_TRY_NUMBER=1
AIRFLOW_CTX_DAG_RUN_ID=scheduled__2024-01-18T00:00:00+00:00
[2024-09-15 20:18:43,874] {history.py:244} ERROR - $AAPL: possibly delisted; no price data found  (1h 2024-01-15 -> 2024-01-03) (Yahoo error = "Invalid input - start date cannot be after end date. startDate = 1705294800, endDate = 1704258000")
[2024-09-15 20:18:43,877] {python.py:173} INFO - Done. Returned value was: None
[2024-09-15 20:18:43,881] {taskinstance.py:1395} INFO - Marking task as SUCCESS. dag_id=BRONZER_GET_STONCKS, task_id=BRONZE_AAPL, execution_date=20240118T000000, start_date=20240915T231839, end_date=20240915T231843
[2024-09-15 20:18:43,918] {local_task_job.py:156} INFO - Task exited with return code 0
[2024-09-15 20:18:43,929] {local_task_job.py:273} INFO - 0 downstream tasks scheduled from follow-on schedule check
