[2024-09-15 20:03:54,049] {taskinstance.py:1159} INFO - Dependencies all met for <TaskInstance: BRONZER_GET_STONCKS.BRONZE_AAPL scheduled__2024-01-12T00:00:00+00:00 [queued]>
[2024-09-15 20:03:54,054] {taskinstance.py:1159} INFO - Dependencies all met for <TaskInstance: BRONZER_GET_STONCKS.BRONZE_AAPL scheduled__2024-01-12T00:00:00+00:00 [queued]>
[2024-09-15 20:03:54,054] {taskinstance.py:1356} INFO - 
--------------------------------------------------------------------------------
[2024-09-15 20:03:54,054] {taskinstance.py:1357} INFO - Starting attempt 1 of 1
[2024-09-15 20:03:54,054] {taskinstance.py:1358} INFO - 
--------------------------------------------------------------------------------
[2024-09-15 20:03:54,065] {taskinstance.py:1377} INFO - Executing <Task(_PythonDecoratedOperator): BRONZE_AAPL> on 2024-01-12 00:00:00+00:00
[2024-09-15 20:03:54,068] {standard_task_runner.py:52} INFO - Started process 11414 to run task
[2024-09-15 20:03:54,071] {standard_task_runner.py:79} INFO - Running: ['airflow', 'tasks', 'run', 'BRONZER_GET_STONCKS', 'BRONZE_AAPL', 'scheduled__2024-01-12T00:00:00+00:00', '--job-id', '41', '--raw', '--subdir', 'DAGS_FOLDER/get_stocks.py', '--cfg-path', '/tmp/tmp8sb2nkbq', '--error-file', '/tmp/tmp5yjijet_']
[2024-09-15 20:03:54,071] {standard_task_runner.py:80} INFO - Job 41: Subtask BRONZE_AAPL
[2024-09-15 20:03:54,101] {task_command.py:370} INFO - Running <TaskInstance: BRONZER_GET_STONCKS.BRONZE_AAPL scheduled__2024-01-12T00:00:00+00:00 [running]> on host kaiwang.
[2024-09-15 20:03:54,142] {taskinstance.py:1569} INFO - Exporting the following env vars:
AIRFLOW_CTX_DAG_OWNER=airflow
AIRFLOW_CTX_DAG_ID=BRONZER_GET_STONCKS
AIRFLOW_CTX_TASK_ID=BRONZE_AAPL
AIRFLOW_CTX_EXECUTION_DATE=2024-01-12T00:00:00+00:00
AIRFLOW_CTX_TRY_NUMBER=1
AIRFLOW_CTX_DAG_RUN_ID=scheduled__2024-01-12T00:00:00+00:00
[2024-09-15 20:03:54,143] {taskinstance.py:1889} ERROR - Task failed with exception
Traceback (most recent call last):
  File "/usr/lib/python3.10/pathlib.py", line 1175, in mkdir
    self._accessor.mkdir(self, mode)
FileNotFoundError: [Errno 2] No such file or directory: '/datalake/AAPL'

During handling of the above exception, another exception occurred:

Traceback (most recent call last):
  File "/home/kaiwang/Documents/airflow_celeby/venv/lib/python3.10/site-packages/airflow/decorators/base.py", line 179, in execute
    return_value = super().execute(context)
  File "/home/kaiwang/Documents/airflow_celeby/venv/lib/python3.10/site-packages/airflow/operators/python.py", line 171, in execute
    return_value = self.execute_callable()
  File "/home/kaiwang/Documents/airflow_celeby/venv/lib/python3.10/site-packages/airflow/operators/python.py", line 189, in execute_callable
    return self.python_callable(*self.op_args, **self.op_kwargs)
  File "/home/kaiwang/Documents/airflow_celeby/dags/get_stocks.py", line 21, in get_history
    (Path(file_path).parent).mkdir(parents=True, exist_ok=True)
  File "/usr/lib/python3.10/pathlib.py", line 1179, in mkdir
    self.parent.mkdir(parents=True, exist_ok=True)
  File "/usr/lib/python3.10/pathlib.py", line 1175, in mkdir
    self._accessor.mkdir(self, mode)
PermissionError: [Errno 13] Permission denied: '/datalake'
[2024-09-15 20:03:54,146] {taskinstance.py:1395} INFO - Marking task as FAILED. dag_id=BRONZER_GET_STONCKS, task_id=BRONZE_AAPL, execution_date=20240112T000000, start_date=20240915T230354, end_date=20240915T230354
[2024-09-15 20:03:54,154] {standard_task_runner.py:92} ERROR - Failed to execute job 41 for task BRONZE_AAPL ([Errno 13] Permission denied: '/datalake'; 11414)
[2024-09-15 20:03:54,163] {local_task_job.py:156} INFO - Task exited with return code 1
[2024-09-15 20:03:54,174] {local_task_job.py:273} INFO - 0 downstream tasks scheduled from follow-on schedule check
[2024-09-15 20:06:38,689] {taskinstance.py:1159} INFO - Dependencies all met for <TaskInstance: BRONZER_GET_STONCKS.BRONZE_AAPL scheduled__2024-01-12T00:00:00+00:00 [queued]>
[2024-09-15 20:06:38,694] {taskinstance.py:1159} INFO - Dependencies all met for <TaskInstance: BRONZER_GET_STONCKS.BRONZE_AAPL scheduled__2024-01-12T00:00:00+00:00 [queued]>
[2024-09-15 20:06:38,694] {taskinstance.py:1356} INFO - 
--------------------------------------------------------------------------------
[2024-09-15 20:06:38,694] {taskinstance.py:1357} INFO - Starting attempt 1 of 1
[2024-09-15 20:06:38,694] {taskinstance.py:1358} INFO - 
--------------------------------------------------------------------------------
[2024-09-15 20:06:38,705] {taskinstance.py:1377} INFO - Executing <Task(_PythonDecoratedOperator): BRONZE_AAPL> on 2024-01-12 00:00:00+00:00
[2024-09-15 20:06:38,707] {standard_task_runner.py:52} INFO - Started process 12123 to run task
[2024-09-15 20:06:38,709] {standard_task_runner.py:79} INFO - Running: ['airflow', 'tasks', 'run', 'BRONZER_GET_STONCKS', 'BRONZE_AAPL', 'scheduled__2024-01-12T00:00:00+00:00', '--job-id', '43', '--raw', '--subdir', 'DAGS_FOLDER/get_stocks.py', '--cfg-path', '/tmp/tmp9niflxxd', '--error-file', '/tmp/tmpmupox22i']
[2024-09-15 20:06:38,709] {standard_task_runner.py:80} INFO - Job 43: Subtask BRONZE_AAPL
[2024-09-15 20:06:38,736] {task_command.py:370} INFO - Running <TaskInstance: BRONZER_GET_STONCKS.BRONZE_AAPL scheduled__2024-01-12T00:00:00+00:00 [running]> on host kaiwang.
[2024-09-15 20:06:38,774] {taskinstance.py:1569} INFO - Exporting the following env vars:
AIRFLOW_CTX_DAG_OWNER=airflow
AIRFLOW_CTX_DAG_ID=BRONZER_GET_STONCKS
AIRFLOW_CTX_TASK_ID=BRONZE_AAPL
AIRFLOW_CTX_EXECUTION_DATE=2024-01-12T00:00:00+00:00
AIRFLOW_CTX_TRY_NUMBER=1
AIRFLOW_CTX_DAG_RUN_ID=scheduled__2024-01-12T00:00:00+00:00
[2024-09-15 20:06:38,775] {taskinstance.py:1889} ERROR - Task failed with exception
Traceback (most recent call last):
  File "/usr/lib/python3.10/pathlib.py", line 1175, in mkdir
    self._accessor.mkdir(self, mode)
FileNotFoundError: [Errno 2] No such file or directory: '/datalake/AAPL'

During handling of the above exception, another exception occurred:

Traceback (most recent call last):
  File "/home/kaiwang/Documents/airflow_celeby/venv/lib/python3.10/site-packages/airflow/decorators/base.py", line 179, in execute
    return_value = super().execute(context)
  File "/home/kaiwang/Documents/airflow_celeby/venv/lib/python3.10/site-packages/airflow/operators/python.py", line 171, in execute
    return_value = self.execute_callable()
  File "/home/kaiwang/Documents/airflow_celeby/venv/lib/python3.10/site-packages/airflow/operators/python.py", line 189, in execute_callable
    return self.python_callable(*self.op_args, **self.op_kwargs)
  File "/home/kaiwang/Documents/airflow_celeby/dags/get_stocks.py", line 21, in get_history
    (Path(file_path).parent).mkdir(parents=True, exist_ok=True)
  File "/usr/lib/python3.10/pathlib.py", line 1179, in mkdir
    self.parent.mkdir(parents=True, exist_ok=True)
  File "/usr/lib/python3.10/pathlib.py", line 1175, in mkdir
    self._accessor.mkdir(self, mode)
PermissionError: [Errno 13] Permission denied: '/datalake'
[2024-09-15 20:06:38,777] {taskinstance.py:1395} INFO - Marking task as FAILED. dag_id=BRONZER_GET_STONCKS, task_id=BRONZE_AAPL, execution_date=20240112T000000, start_date=20240915T230638, end_date=20240915T230638
[2024-09-15 20:06:38,785] {standard_task_runner.py:92} ERROR - Failed to execute job 43 for task BRONZE_AAPL ([Errno 13] Permission denied: '/datalake'; 12123)
[2024-09-15 20:06:38,802] {local_task_job.py:156} INFO - Task exited with return code 1
[2024-09-15 20:06:38,812] {local_task_job.py:273} INFO - 0 downstream tasks scheduled from follow-on schedule check
[2024-09-15 20:10:18,126] {taskinstance.py:1159} INFO - Dependencies all met for <TaskInstance: BRONZER_GET_STONCKS.BRONZE_AAPL scheduled__2024-01-12T00:00:00+00:00 [queued]>
[2024-09-15 20:10:18,131] {taskinstance.py:1159} INFO - Dependencies all met for <TaskInstance: BRONZER_GET_STONCKS.BRONZE_AAPL scheduled__2024-01-12T00:00:00+00:00 [queued]>
[2024-09-15 20:10:18,131] {taskinstance.py:1356} INFO - 
--------------------------------------------------------------------------------
[2024-09-15 20:10:18,131] {taskinstance.py:1357} INFO - Starting attempt 1 of 1
[2024-09-15 20:10:18,131] {taskinstance.py:1358} INFO - 
--------------------------------------------------------------------------------
[2024-09-15 20:10:18,143] {taskinstance.py:1377} INFO - Executing <Task(_PythonDecoratedOperator): BRONZE_AAPL> on 2024-01-12 00:00:00+00:00
[2024-09-15 20:10:18,145] {standard_task_runner.py:52} INFO - Started process 12720 to run task
[2024-09-15 20:10:18,148] {standard_task_runner.py:79} INFO - Running: ['airflow', 'tasks', 'run', 'BRONZER_GET_STONCKS', 'BRONZE_AAPL', 'scheduled__2024-01-12T00:00:00+00:00', '--job-id', '92', '--raw', '--subdir', 'DAGS_FOLDER/get_stocks.py', '--cfg-path', '/tmp/tmprq7lyw6p', '--error-file', '/tmp/tmpfeu8g84o']
[2024-09-15 20:10:18,148] {standard_task_runner.py:80} INFO - Job 92: Subtask BRONZE_AAPL
[2024-09-15 20:10:18,175] {task_command.py:370} INFO - Running <TaskInstance: BRONZER_GET_STONCKS.BRONZE_AAPL scheduled__2024-01-12T00:00:00+00:00 [running]> on host kaiwang.
[2024-09-15 20:10:18,214] {taskinstance.py:1569} INFO - Exporting the following env vars:
AIRFLOW_CTX_DAG_OWNER=airflow
AIRFLOW_CTX_DAG_ID=BRONZER_GET_STONCKS
AIRFLOW_CTX_TASK_ID=BRONZE_AAPL
AIRFLOW_CTX_EXECUTION_DATE=2024-01-12T00:00:00+00:00
AIRFLOW_CTX_TRY_NUMBER=1
AIRFLOW_CTX_DAG_RUN_ID=scheduled__2024-01-12T00:00:00+00:00
[2024-09-15 20:10:22,180] {history.py:244} ERROR - $AAPL: possibly delisted; no price data found  (1h 2024-01-09 -> 2024-01-03) (Yahoo error = "Invalid input - start date cannot be after end date. startDate = 1704776400, endDate = 1704258000")
[2024-09-15 20:10:22,186] {python.py:173} INFO - Done. Returned value was: None
[2024-09-15 20:10:22,194] {taskinstance.py:1395} INFO - Marking task as SUCCESS. dag_id=BRONZER_GET_STONCKS, task_id=BRONZE_AAPL, execution_date=20240112T000000, start_date=20240915T231018, end_date=20240915T231022
[2024-09-15 20:10:22,233] {local_task_job.py:156} INFO - Task exited with return code 0
[2024-09-15 20:10:22,243] {local_task_job.py:273} INFO - 0 downstream tasks scheduled from follow-on schedule check
[2024-09-15 20:13:13,874] {taskinstance.py:1159} INFO - Dependencies all met for <TaskInstance: BRONZER_GET_STONCKS.BRONZE_AAPL scheduled__2024-01-12T00:00:00+00:00 [queued]>
[2024-09-15 20:13:13,878] {taskinstance.py:1159} INFO - Dependencies all met for <TaskInstance: BRONZER_GET_STONCKS.BRONZE_AAPL scheduled__2024-01-12T00:00:00+00:00 [queued]>
[2024-09-15 20:13:13,878] {taskinstance.py:1356} INFO - 
--------------------------------------------------------------------------------
[2024-09-15 20:13:13,878] {taskinstance.py:1357} INFO - Starting attempt 1 of 1
[2024-09-15 20:13:13,878] {taskinstance.py:1358} INFO - 
--------------------------------------------------------------------------------
[2024-09-15 20:13:13,888] {taskinstance.py:1377} INFO - Executing <Task(_PythonDecoratedOperator): BRONZE_AAPL> on 2024-01-12 00:00:00+00:00
[2024-09-15 20:13:13,891] {standard_task_runner.py:52} INFO - Started process 13343 to run task
[2024-09-15 20:13:13,893] {standard_task_runner.py:79} INFO - Running: ['airflow', 'tasks', 'run', 'BRONZER_GET_STONCKS', 'BRONZE_AAPL', 'scheduled__2024-01-12T00:00:00+00:00', '--job-id', '92', '--raw', '--subdir', 'DAGS_FOLDER/get_stocks.py', '--cfg-path', '/tmp/tmp_11kciax', '--error-file', '/tmp/tmpqxajncbh']
[2024-09-15 20:13:13,894] {standard_task_runner.py:80} INFO - Job 92: Subtask BRONZE_AAPL
[2024-09-15 20:13:13,920] {task_command.py:370} INFO - Running <TaskInstance: BRONZER_GET_STONCKS.BRONZE_AAPL scheduled__2024-01-12T00:00:00+00:00 [running]> on host kaiwang.
[2024-09-15 20:13:13,959] {taskinstance.py:1569} INFO - Exporting the following env vars:
AIRFLOW_CTX_DAG_OWNER=airflow
AIRFLOW_CTX_DAG_ID=BRONZER_GET_STONCKS
AIRFLOW_CTX_TASK_ID=BRONZE_AAPL
AIRFLOW_CTX_EXECUTION_DATE=2024-01-12T00:00:00+00:00
AIRFLOW_CTX_TRY_NUMBER=1
AIRFLOW_CTX_DAG_RUN_ID=scheduled__2024-01-12T00:00:00+00:00
[2024-09-15 20:13:13,959] {taskinstance.py:1889} ERROR - Task failed with exception
Traceback (most recent call last):
  File "/usr/lib/python3.10/pathlib.py", line 1175, in mkdir
    self._accessor.mkdir(self, mode)
FileNotFoundError: [Errno 2] No such file or directory: '/Documents/airflow_celeby/datalake/AAPL'

During handling of the above exception, another exception occurred:

Traceback (most recent call last):
  File "/usr/lib/python3.10/pathlib.py", line 1175, in mkdir
    self._accessor.mkdir(self, mode)
FileNotFoundError: [Errno 2] No such file or directory: '/Documents/airflow_celeby/datalake'

During handling of the above exception, another exception occurred:

Traceback (most recent call last):
  File "/usr/lib/python3.10/pathlib.py", line 1175, in mkdir
    self._accessor.mkdir(self, mode)
FileNotFoundError: [Errno 2] No such file or directory: '/Documents/airflow_celeby'

During handling of the above exception, another exception occurred:

Traceback (most recent call last):
  File "/home/kaiwang/Documents/airflow_celeby/venv/lib/python3.10/site-packages/airflow/decorators/base.py", line 179, in execute
    return_value = super().execute(context)
  File "/home/kaiwang/Documents/airflow_celeby/venv/lib/python3.10/site-packages/airflow/operators/python.py", line 171, in execute
    return_value = self.execute_callable()
  File "/home/kaiwang/Documents/airflow_celeby/venv/lib/python3.10/site-packages/airflow/operators/python.py", line 189, in execute_callable
    return self.python_callable(*self.op_args, **self.op_kwargs)
  File "/home/kaiwang/Documents/airflow_celeby/dags/get_stocks.py", line 21, in get_history
    (Path(file_path).parent).mkdir(parents=True, exist_ok=True)
  File "/usr/lib/python3.10/pathlib.py", line 1179, in mkdir
    self.parent.mkdir(parents=True, exist_ok=True)
  File "/usr/lib/python3.10/pathlib.py", line 1179, in mkdir
    self.parent.mkdir(parents=True, exist_ok=True)
  File "/usr/lib/python3.10/pathlib.py", line 1179, in mkdir
    self.parent.mkdir(parents=True, exist_ok=True)
  File "/usr/lib/python3.10/pathlib.py", line 1175, in mkdir
    self._accessor.mkdir(self, mode)
PermissionError: [Errno 13] Permission denied: '/Documents'
[2024-09-15 20:13:13,962] {taskinstance.py:1395} INFO - Marking task as FAILED. dag_id=BRONZER_GET_STONCKS, task_id=BRONZE_AAPL, execution_date=20240112T000000, start_date=20240915T231313, end_date=20240915T231313
[2024-09-15 20:13:13,971] {standard_task_runner.py:92} ERROR - Failed to execute job 92 for task BRONZE_AAPL ([Errno 13] Permission denied: '/Documents'; 13343)
[2024-09-15 20:13:13,986] {local_task_job.py:156} INFO - Task exited with return code 1
[2024-09-15 20:13:13,998] {local_task_job.py:273} INFO - 0 downstream tasks scheduled from follow-on schedule check
[2024-09-15 20:17:18,856] {taskinstance.py:1159} INFO - Dependencies all met for <TaskInstance: BRONZER_GET_STONCKS.BRONZE_AAPL scheduled__2024-01-12T00:00:00+00:00 [queued]>
[2024-09-15 20:17:18,860] {taskinstance.py:1159} INFO - Dependencies all met for <TaskInstance: BRONZER_GET_STONCKS.BRONZE_AAPL scheduled__2024-01-12T00:00:00+00:00 [queued]>
[2024-09-15 20:17:18,860] {taskinstance.py:1356} INFO - 
--------------------------------------------------------------------------------
[2024-09-15 20:17:18,860] {taskinstance.py:1357} INFO - Starting attempt 1 of 1
[2024-09-15 20:17:18,860] {taskinstance.py:1358} INFO - 
--------------------------------------------------------------------------------
[2024-09-15 20:17:18,871] {taskinstance.py:1377} INFO - Executing <Task(_PythonDecoratedOperator): BRONZE_AAPL> on 2024-01-12 00:00:00+00:00
[2024-09-15 20:17:18,873] {standard_task_runner.py:52} INFO - Started process 14006 to run task
[2024-09-15 20:17:18,875] {standard_task_runner.py:79} INFO - Running: ['airflow', 'tasks', 'run', 'BRONZER_GET_STONCKS', 'BRONZE_AAPL', 'scheduled__2024-01-12T00:00:00+00:00', '--job-id', '92', '--raw', '--subdir', 'DAGS_FOLDER/get_stocks.py', '--cfg-path', '/tmp/tmpe9wubw61', '--error-file', '/tmp/tmpr_239x4_']
[2024-09-15 20:17:18,876] {standard_task_runner.py:80} INFO - Job 92: Subtask BRONZE_AAPL
[2024-09-15 20:17:18,903] {task_command.py:370} INFO - Running <TaskInstance: BRONZER_GET_STONCKS.BRONZE_AAPL scheduled__2024-01-12T00:00:00+00:00 [running]> on host kaiwang.
[2024-09-15 20:17:18,941] {taskinstance.py:1569} INFO - Exporting the following env vars:
AIRFLOW_CTX_DAG_OWNER=airflow
AIRFLOW_CTX_DAG_ID=BRONZER_GET_STONCKS
AIRFLOW_CTX_TASK_ID=BRONZE_AAPL
AIRFLOW_CTX_EXECUTION_DATE=2024-01-12T00:00:00+00:00
AIRFLOW_CTX_TRY_NUMBER=1
AIRFLOW_CTX_DAG_RUN_ID=scheduled__2024-01-12T00:00:00+00:00
[2024-09-15 20:17:21,978] {history.py:244} ERROR - $AAPL: possibly delisted; no price data found  (1h 2024-01-09 -> 2024-01-03) (Yahoo error = "Invalid input - start date cannot be after end date. startDate = 1704776400, endDate = 1704258000")
[2024-09-15 20:17:21,985] {python.py:173} INFO - Done. Returned value was: None
[2024-09-15 20:17:21,994] {taskinstance.py:1395} INFO - Marking task as SUCCESS. dag_id=BRONZER_GET_STONCKS, task_id=BRONZE_AAPL, execution_date=20240112T000000, start_date=20240915T231718, end_date=20240915T231721
[2024-09-15 20:17:22,033] {local_task_job.py:156} INFO - Task exited with return code 0
[2024-09-15 20:17:22,050] {local_task_job.py:273} INFO - 0 downstream tasks scheduled from follow-on schedule check
